7/130
R BEF LINEPOS: 7/130
R AFT LINEPOS: 8/130
AFT: index: 1/1
8/130
R BEF LINEPOS: 8/130
R AFT LINEPOS: 9/130
AFT: index: 2/2
-1/130
R BEF LINEPOS: 10/130
R AFT LINEPOS: 10/130
AFT: index: 3/3
10/130
R BEF LINEPOS: 10/130
R AFT LINEPOS: 11/130
AFT: index: 4/4
-1/130
R BEF LINEPOS: 12/130
R AFT LINEPOS: 11/130
AFT: index: 5/5
>[37;12R< TERMCAP NOT FOUND
AFT: index: 5/5
12/130
R BEF LINEPOS: 12/130
R AFT LINEPOS: 13/130
AFT: index: 6/6
13/130
R BEF LINEPOS: 13/130
R AFT LINEPOS: 14/130
AFT: index: 7/7
14/130
R BEF LINEPOS: 14/130
R AFT LINEPOS: 15/130
AFT: index: 8/8
15/130
R BEF LINEPOS: 15/130
R AFT LINEPOS: 16/130
AFT: index: 9/9
16/130
R BEF LINEPOS: 16/130
R AFT LINEPOS: 17/130
AFT: index: 10/10
17/130
R BEF LINEPOS: 17/130
R AFT LINEPOS: 18/130
AFT: index: 11/11
18/130
R BEF LINEPOS: 18/130
R AFT LINEPOS: 19/130
AFT: index: 12/12
19/130
R BEF LINEPOS: 19/130
R AFT LINEPOS: 20/130
AFT: index: 13/13
20/130
R BEF LINEPOS: 20/130
R AFT LINEPOS: 21/130
AFT: index: 14/14
21/130
R BEF LINEPOS: 21/130
R AFT LINEPOS: 22/130
AFT: index: 15/15
22/130
R BEF LINEPOS: 22/130
R AFT LINEPOS: 23/130
AFT: index: 16/16
L BEF LINEPOS: 23/130
L AFT LINEPOS: 22/130
AFT: index: 15/16
L BEF LINEPOS: 22/130
L AFT LINEPOS: 21/130
AFT: index: 14/16
L BEF LINEPOS: 21/130
L AFT LINEPOS: 20/130
AFT: index: 13/16
L BEF LINEPOS: 20/130
L AFT LINEPOS: 19/130
AFT: index: 12/16
L BEF LINEPOS: 19/130
L AFT LINEPOS: 18/130
AFT: index: 11/16
L BEF LINEPOS: 18/130
L AFT LINEPOS: 17/130
AFT: index: 10/16
L BEF LINEPOS: 17/130
L AFT LINEPOS: 16/130
AFT: index: 9/16
16/130
17/130
18/130
19/130
20/130
21/130
22/130
23/130
R BEF LINEPOS: 16/130
R AFT LINEPOS: 17/130
AFT: index: 10/17
17/130
18/130
19/130
20/130
21/130
22/130
23/130
24/130
R BEF LINEPOS: 17/130
R AFT LINEPOS: 18/130
AFT: index: 11/18
18/130
19/130
20/130
21/130
22/130
23/130
24/130
25/130
R BEF LINEPOS: 18/130
R AFT LINEPOS: 19/130
AFT: index: 12/19
19/130
20/130
21/130
22/130
23/130
24/130
25/130
26/130
R BEF LINEPOS: 19/130
R AFT LINEPOS: 20/130
AFT: index: 13/20
20/130
21/130
22/130
23/130
24/130
25/130
26/130
27/130
R BEF LINEPOS: 20/130
R AFT LINEPOS: 21/130
AFT: index: 14/21
21/130
22/130
23/130
24/130
25/130
26/130
27/130
28/130
R BEF LINEPOS: 21/130
R AFT LINEPOS: 22/130
AFT: index: 15/22
22/130
23/130
24/130
25/130
26/130
27/130
28/130
29/130
R BEF LINEPOS: 22/130
R AFT LINEPOS: 23/130
AFT: index: 16/23
23/130
24/130
25/130
26/130
27/130
28/130
29/130
30/130
R BEF LINEPOS: 23/130
R AFT LINEPOS: 24/130
AFT: index: 17/24
24/130
25/130
26/130
27/130
28/130
29/130
30/130
31/130
R BEF LINEPOS: 24/130
R AFT LINEPOS: 25/130
AFT: index: 18/25
25/130
26/130
27/130
28/130
29/130
30/130
31/130
32/130
R BEF LINEPOS: 25/130
R AFT LINEPOS: 26/130
AFT: index: 19/26
26/130
27/130
28/130
29/130
30/130
31/130
32/130
33/130
R BEF LINEPOS: 26/130
R AFT LINEPOS: 27/130
AFT: index: 20/27
27/130
28/130
29/130
30/130
31/130
32/130
33/130
34/130
R BEF LINEPOS: 27/130
R AFT LINEPOS: 28/130
AFT: index: 21/28
28/130
29/130
30/130
31/130
32/130
33/130
34/130
35/130
R BEF LINEPOS: 28/130
R AFT LINEPOS: 29/130
AFT: index: 22/29
29/130
30/130
31/130
32/130
33/130
34/130
35/130
36/130
R BEF LINEPOS: 29/130
R AFT LINEPOS: 30/130
AFT: index: 23/30
30/130
31/130
32/130
33/130
34/130
35/130
36/130
37/130
R BEF LINEPOS: 30/130
R AFT LINEPOS: 31/130
AFT: index: 24/31
31/130
32/130
33/130
34/130
35/130
36/130
37/130
38/130
R BEF LINEPOS: 31/130
R AFT LINEPOS: 32/130
AFT: index: 25/32
32/130
33/130
34/130
35/130
36/130
37/130
38/130
39/130
R BEF LINEPOS: 32/130
R AFT LINEPOS: 33/130
AFT: index: 26/33
AFT: index: 0/33
7/130
8/130
9/130
10/130
11/130
12/130
13/130
14/130
15/130
16/130
17/130
18/130
19/130
20/130
21/130
22/130
23/130
24/130
25/130
26/130
27/130
28/130
29/130
30/130
31/130
32/130
33/130
34/130
35/130
36/130
37/130
38/130
39/130
40/130
R BEF LINEPOS: 7/130
R AFT LINEPOS: 8/130
AFT: index: 1/34
8/130
9/130
10/130
11/130
12/130
13/130
14/130
15/130
16/130
17/130
18/130
19/130
20/130
21/130
22/130
23/130
24/130
25/130
26/130
27/130
28/130
29/130
30/130
31/130
32/130
33/130
34/130
35/130
36/130
37/130
38/130
39/130
40/130
41/130
R BEF LINEPOS: 8/130
R AFT LINEPOS: 9/130
AFT: index: 2/35
9/130
10/130
11/130
12/130
13/130
14/130
15/130
16/130
17/130
18/130
19/130
20/130
21/130
22/130
23/130
24/130
25/130
26/130
27/130
28/130
29/130
30/130
31/130
32/130
33/130
34/130
35/130
36/130
37/130
38/130
39/130
40/130
41/130
42/130
R BEF LINEPOS: 9/130
R AFT LINEPOS: 10/130
AFT: index: 3/36
10/130
11/130
12/130
13/130
14/130
15/130
16/130
17/130
18/130
19/130
20/130
21/130
22/130
23/130
24/130
25/130
26/130
27/130
28/130
29/130
30/130
31/130
32/130
33/130
34/130
35/130
36/130
37/130
38/130
39/130
40/130
41/130
42/130
43/130
R BEF LINEPOS: 10/130
R AFT LINEPOS: 11/130
AFT: index: 4/37
11/130
12/130
13/130
14/130
15/130
16/130
17/130
18/130
19/130
20/130
21/130
22/130
23/130
24/130
25/130
26/130
27/130
28/130
29/130
30/130
31/130
32/130
33/130
34/130
35/130
36/130
37/130
38/130
39/130
40/130
41/130
42/130
43/130
44/130
R BEF LINEPOS: 11/130
R AFT LINEPOS: 12/130
AFT: index: 5/38
12/130
13/130
14/130
15/130
16/130
17/130
18/130
19/130
20/130
21/130
22/130
23/130
24/130
25/130
26/130
27/130
28/130
29/130
30/130
31/130
32/130
33/130
34/130
35/130
36/130
37/130
38/130
39/130
40/130
41/130
42/130
43/130
44/130
45/130
R BEF LINEPOS: 12/130
R AFT LINEPOS: 13/130
AFT: index: 6/39
13/130
14/130
15/130
16/130
17/130
18/130
19/130
20/130
21/130
22/130
23/130
24/130
25/130
26/130
27/130
28/130
29/130
30/130
31/130
32/130
33/130
34/130
35/130
36/130
37/130
38/130
39/130
40/130
41/130
42/130
43/130
44/130
45/130
46/130
R BEF LINEPOS: 13/130
R AFT LINEPOS: 14/130
AFT: index: 7/40
14/130
15/130
16/130
17/130
18/130
19/130
20/130
21/130
22/130
23/130
24/130
25/130
26/130
27/130
28/130
29/130
30/130
31/130
32/130
33/130
34/130
35/130
36/130
37/130
38/130
39/130
40/130
41/130
42/130
43/130
44/130
45/130
46/130
47/130
R BEF LINEPOS: 14/130
R AFT LINEPOS: 15/130
AFT: index: 8/41
15/130
16/130
17/130
18/130
19/130
20/130
21/130
22/130
23/130
24/130
25/130
26/130
27/130
28/130
29/130
30/130
31/130
32/130
33/130
34/130
35/130
36/130
37/130
38/130
39/130
40/130
41/130
42/130
43/130
44/130
45/130
46/130
47/130
48/130
R BEF LINEPOS: 15/130
R AFT LINEPOS: 16/130
AFT: index: 9/42
16/130
17/130
18/130
19/130
20/130
21/130
22/130
23/130
24/130
25/130
26/130
27/130
28/130
29/130
30/130
31/130
32/130
33/130
34/130
35/130
36/130
37/130
38/130
39/130
40/130
41/130
42/130
43/130
44/130
45/130
46/130
47/130
48/130
49/130
R BEF LINEPOS: 16/130
R AFT LINEPOS: 17/130
AFT: index: 10/43
17/130
18/130
19/130
20/130
21/130
22/130
23/130
24/130
25/130
26/130
27/130
28/130
29/130
30/130
31/130
32/130
33/130
34/130
35/130
36/130
37/130
38/130
39/130
40/130
41/130
42/130
43/130
44/130
45/130
46/130
47/130
48/130
49/130
50/130
R BEF LINEPOS: 17/130
R AFT LINEPOS: 18/130
AFT: index: 11/44
18/130
19/130
20/130
21/130
22/130
23/130
24/130
25/130
26/130
27/130
28/130
29/130
30/130
31/130
32/130
33/130
34/130
35/130
36/130
37/130
38/130
39/130
40/130
41/130
42/130
43/130
44/130
45/130
46/130
47/130
48/130
49/130
50/130
51/130
R BEF LINEPOS: 18/130
R AFT LINEPOS: 19/130
AFT: index: 12/45
19/130
20/130
21/130
22/130
23/130
24/130
25/130
26/130
27/130
28/130
29/130
30/130
31/130
32/130
33/130
34/130
35/130
36/130
37/130
38/130
39/130
40/130
41/130
42/130
43/130
44/130
45/130
46/130
47/130
48/130
49/130
50/130
51/130
52/130
R BEF LINEPOS: 19/130
R AFT LINEPOS: 20/130
AFT: index: 13/46
20/130
21/130
22/130
23/130
24/130
25/130
26/130
27/130
28/130
29/130
30/130
31/130
32/130
33/130
34/130
35/130
36/130
37/130
38/130
39/130
40/130
41/130
42/130
43/130
44/130
45/130
46/130
47/130
48/130
49/130
50/130
51/130
52/130
53/130
R BEF LINEPOS: 20/130
R AFT LINEPOS: 21/130
AFT: index: 14/47
21/130
22/130
23/130
24/130
25/130
26/130
27/130
28/130
29/130
30/130
31/130
32/130
33/130
34/130
35/130
36/130
37/130
38/130
39/130
40/130
41/130
42/130
43/130
44/130
45/130
46/130
47/130
48/130
49/130
50/130
51/130
52/130
53/130
54/130
R BEF LINEPOS: 21/130
R AFT LINEPOS: 22/130
AFT: index: 15/48
22/130
23/130
24/130
25/130
26/130
27/130
28/130
29/130
30/130
31/130
32/130
33/130
34/130
35/130
36/130
37/130
38/130
39/130
40/130
41/130
42/130
43/130
44/130
45/130
46/130
47/130
48/130
49/130
50/130
51/130
52/130
53/130
54/130
55/130
R BEF LINEPOS: 22/130
R AFT LINEPOS: 23/130
AFT: index: 16/49
23/130
24/130
25/130
26/130
27/130
28/130
29/130
30/130
31/130
32/130
33/130
34/130
35/130
36/130
37/130
38/130
39/130
40/130
41/130
42/130
43/130
44/130
45/130
46/130
47/130
48/130
49/130
50/130
51/130
52/130
53/130
54/130
55/130
56/130
R BEF LINEPOS: 23/130
R AFT LINEPOS: 24/130
AFT: index: 17/50
24/130
25/130
26/130
27/130
28/130
29/130
30/130
31/130
32/130
33/130
34/130
35/130
36/130
37/130
38/130
39/130
40/130
41/130
42/130
43/130
44/130
45/130
46/130
47/130
48/130
49/130
50/130
51/130
52/130
53/130
54/130
55/130
56/130
57/130
R BEF LINEPOS: 24/130
R AFT LINEPOS: 25/130
AFT: index: 18/51
25/130
26/130
27/130
28/130
29/130
30/130
31/130
32/130
33/130
34/130
35/130
36/130
37/130
38/130
39/130
40/130
41/130
42/130
43/130
44/130
45/130
46/130
47/130
48/130
49/130
50/130
51/130
52/130
53/130
54/130
55/130
56/130
57/130
58/130
R BEF LINEPOS: 25/130
R AFT LINEPOS: 26/130
AFT: index: 19/52
26/130
27/130
28/130
29/130
30/130
31/130
32/130
33/130
34/130
35/130
36/130
37/130
38/130
39/130
40/130
41/130
42/130
43/130
44/130
45/130
46/130
47/130
48/130
49/130
50/130
51/130
52/130
53/130
54/130
55/130
56/130
57/130
58/130
59/130
R BEF LINEPOS: 26/130
R AFT LINEPOS: 27/130
AFT: index: 20/53
27/130
28/130
29/130
30/130
31/130
32/130
33/130
34/130
35/130
36/130
37/130
38/130
39/130
40/130
41/130
42/130
43/130
44/130
45/130
46/130
47/130
48/130
49/130
50/130
51/130
52/130
53/130
54/130
55/130
56/130
57/130
58/130
59/130
60/130
R BEF LINEPOS: 27/130
R AFT LINEPOS: 28/130
AFT: index: 21/54
28/130
29/130
30/130
31/130
32/130
33/130
34/130
35/130
36/130
37/130
38/130
39/130
40/130
41/130
42/130
43/130
44/130
45/130
46/130
47/130
48/130
49/130
50/130
51/130
52/130
53/130
54/130
55/130
56/130
57/130
58/130
59/130
60/130
61/130
R BEF LINEPOS: 28/130
R AFT LINEPOS: 29/130
AFT: index: 22/55
29/130
30/130
31/130
32/130
33/130
34/130
35/130
36/130
37/130
38/130
39/130
40/130
41/130
42/130
43/130
44/130
45/130
46/130
47/130
48/130
49/130
50/130
51/130
52/130
53/130
54/130
55/130
56/130
57/130
58/130
59/130
60/130
61/130
62/130
R BEF LINEPOS: 29/130
R AFT LINEPOS: 30/130
AFT: index: 23/56
30/130
31/130
32/130
33/130
34/130
35/130
36/130
37/130
38/130
39/130
40/130
41/130
42/130
43/130
44/130
45/130
46/130
47/130
48/130
49/130
50/130
51/130
52/130
53/130
54/130
55/130
56/130
57/130
58/130
59/130
60/130
61/130
62/130
63/130
R BEF LINEPOS: 30/130
R AFT LINEPOS: 31/130
AFT: index: 24/57
31/130
32/130
33/130
34/130
35/130
36/130
37/130
38/130
39/130
40/130
41/130
42/130
43/130
44/130
45/130
46/130
47/130
48/130
49/130
50/130
51/130
52/130
53/130
54/130
55/130
56/130
57/130
58/130
59/130
60/130
61/130
62/130
63/130
64/130
R BEF LINEPOS: 31/130
R AFT LINEPOS: 32/130
AFT: index: 25/58
32/130
33/130
34/130
35/130
36/130
37/130
38/130
39/130
40/130
41/130
42/130
43/130
44/130
45/130
46/130
47/130
48/130
49/130
50/130
51/130
52/130
53/130
54/130
55/130
56/130
57/130
58/130
59/130
60/130
61/130
62/130
63/130
64/130
65/130
R BEF LINEPOS: 32/130
R AFT LINEPOS: 33/130
AFT: index: 26/59
33/130
34/130
35/130
36/130
37/130
38/130
39/130
40/130
41/130
42/130
43/130
44/130
45/130
46/130
47/130
48/130
49/130
50/130
51/130
52/130
53/130
54/130
55/130
56/130
57/130
58/130
59/130
60/130
61/130
62/130
63/130
64/130
65/130
66/130
R BEF LINEPOS: 33/130
R AFT LINEPOS: 34/130
AFT: index: 27/60
34/130
35/130
36/130
37/130
38/130
39/130
40/130
41/130
42/130
43/130
44/130
45/130
46/130
47/130
48/130
49/130
50/130
51/130
52/130
53/130
54/130
55/130
56/130
57/130
58/130
59/130
60/130
61/130
62/130
63/130
64/130
65/130
66/130
67/130
R BEF LINEPOS: 34/130
R AFT LINEPOS: 35/130
AFT: index: 28/61
35/130
36/130
37/130
38/130
39/130
40/130
41/130
42/130
43/130
44/130
45/130
46/130
47/130
48/130
49/130
50/130
51/130
52/130
53/130
54/130
55/130
56/130
57/130
58/130
59/130
60/130
61/130
62/130
63/130
64/130
65/130
66/130
67/130
68/130
R BEF LINEPOS: 35/130
R AFT LINEPOS: 36/130
AFT: index: 29/62
36/130
37/130
38/130
39/130
40/130
41/130
42/130
43/130
44/130
45/130
46/130
47/130
48/130
49/130
50/130
51/130
52/130
53/130
54/130
55/130
56/130
57/130
58/130
59/130
60/130
61/130
62/130
63/130
64/130
65/130
66/130
67/130
68/130
69/130
R BEF LINEPOS: 36/130
R AFT LINEPOS: 37/130
AFT: index: 30/63
37/130
38/130
39/130
40/130
41/130
42/130
43/130
44/130
45/130
46/130
47/130
48/130
49/130
50/130
51/130
52/130
53/130
54/130
55/130
56/130
57/130
58/130
59/130
60/130
61/130
62/130
63/130
64/130
65/130
66/130
67/130
68/130
69/130
70/130
R BEF LINEPOS: 37/130
R AFT LINEPOS: 38/130
AFT: index: 31/64
38/130
39/130
40/130
41/130
42/130
43/130
44/130
45/130
46/130
47/130
48/130
49/130
50/130
51/130
52/130
53/130
54/130
55/130
56/130
57/130
58/130
59/130
60/130
61/130
62/130
63/130
64/130
65/130
66/130
67/130
68/130
69/130
70/130
71/130
R BEF LINEPOS: 38/130
R AFT LINEPOS: 39/130
AFT: index: 32/65
39/130
40/130
41/130
42/130
43/130
44/130
45/130
46/130
47/130
48/130
49/130
50/130
51/130
52/130
53/130
54/130
55/130
56/130
57/130
58/130
59/130
60/130
61/130
62/130
63/130
64/130
65/130
66/130
67/130
68/130
69/130
70/130
71/130
72/130
R BEF LINEPOS: 39/130
R AFT LINEPOS: 40/130
AFT: index: 33/66
40/130
41/130
42/130
43/130
44/130
45/130
46/130
47/130
48/130
49/130
50/130
51/130
52/130
53/130
54/130
55/130
56/130
57/130
58/130
59/130
60/130
61/130
62/130
63/130
64/130
65/130
66/130
67/130
68/130
69/130
70/130
71/130
72/130
73/130
R BEF LINEPOS: 40/130
R AFT LINEPOS: 41/130
AFT: index: 34/67
41/130
42/130
43/130
44/130
45/130
46/130
47/130
48/130
49/130
50/130
51/130
52/130
53/130
54/130
55/130
56/130
57/130
58/130
59/130
60/130
61/130
62/130
63/130
64/130
65/130
66/130
67/130
68/130
69/130
70/130
71/130
72/130
73/130
74/130
R BEF LINEPOS: 41/130
R AFT LINEPOS: 42/130
AFT: index: 35/68
42/130
43/130
44/130
45/130
46/130
47/130
48/130
49/130
50/130
51/130
52/130
53/130
54/130
55/130
56/130
57/130
58/130
59/130
60/130
61/130
62/130
63/130
64/130
65/130
66/130
67/130
68/130
69/130
70/130
71/130
72/130
73/130
74/130
75/130
R BEF LINEPOS: 42/130
R AFT LINEPOS: 43/130
AFT: index: 36/69
43/130
44/130
45/130
46/130
47/130
48/130
49/130
50/130
51/130
52/130
53/130
54/130
55/130
56/130
57/130
58/130
59/130
60/130
61/130
62/130
63/130
64/130
65/130
66/130
67/130
68/130
69/130
70/130
71/130
72/130
73/130
74/130
75/130
76/130
R BEF LINEPOS: 43/130
R AFT LINEPOS: 44/130
AFT: index: 37/70
44/130
45/130
46/130
47/130
48/130
49/130
50/130
51/130
52/130
53/130
54/130
55/130
56/130
57/130
58/130
59/130
60/130
61/130
62/130
63/130
64/130
65/130
66/130
67/130
68/130
69/130
70/130
71/130
72/130
73/130
74/130
75/130
76/130
77/130
R BEF LINEPOS: 44/130
R AFT LINEPOS: 45/130
AFT: index: 38/71
45/130
46/130
47/130
48/130
49/130
50/130
51/130
52/130
53/130
54/130
55/130
56/130
57/130
58/130
59/130
60/130
61/130
62/130
63/130
64/130
65/130
66/130
67/130
68/130
69/130
70/130
71/130
72/130
73/130
74/130
75/130
76/130
77/130
78/130
R BEF LINEPOS: 45/130
R AFT LINEPOS: 46/130
AFT: index: 39/72
46/130
47/130
48/130
49/130
50/130
51/130
52/130
53/130
54/130
55/130
56/130
57/130
58/130
59/130
60/130
61/130
62/130
63/130
64/130
65/130
66/130
67/130
68/130
69/130
70/130
71/130
72/130
73/130
74/130
75/130
76/130
77/130
78/130
79/130
R BEF LINEPOS: 46/130
R AFT LINEPOS: 47/130
AFT: index: 40/73
47/130
48/130
49/130
50/130
51/130
52/130
53/130
54/130
55/130
56/130
57/130
58/130
59/130
60/130
61/130
62/130
63/130
64/130
65/130
66/130
67/130
68/130
69/130
70/130
71/130
72/130
73/130
74/130
75/130
76/130
77/130
78/130
79/130
80/130
R BEF LINEPOS: 47/130
R AFT LINEPOS: 48/130
AFT: index: 41/74
48/130
49/130
50/130
51/130
52/130
53/130
54/130
55/130
56/130
57/130
58/130
59/130
60/130
61/130
62/130
63/130
64/130
65/130
66/130
67/130
68/130
69/130
70/130
71/130
72/130
73/130
74/130
75/130
76/130
77/130
78/130
79/130
80/130
81/130
R BEF LINEPOS: 48/130
R AFT LINEPOS: 49/130
AFT: index: 42/75
49/130
50/130
51/130
52/130
53/130
54/130
55/130
56/130
57/130
58/130
59/130
60/130
61/130
62/130
63/130
64/130
65/130
66/130
67/130
68/130
69/130
70/130
71/130
72/130
73/130
74/130
75/130
76/130
77/130
78/130
79/130
80/130
81/130
82/130
R BEF LINEPOS: 49/130
R AFT LINEPOS: 50/130
AFT: index: 43/76
50/130
51/130
52/130
53/130
54/130
55/130
56/130
57/130
58/130
59/130
60/130
61/130
62/130
63/130
64/130
65/130
66/130
67/130
68/130
69/130
70/130
71/130
72/130
73/130
74/130
75/130
76/130
77/130
78/130
79/130
80/130
81/130
82/130
83/130
R BEF LINEPOS: 50/130
R AFT LINEPOS: 51/130
AFT: index: 44/77
51/130
52/130
53/130
54/130
55/130
56/130
57/130
58/130
59/130
60/130
61/130
62/130
63/130
64/130
65/130
66/130
67/130
68/130
69/130
70/130
71/130
72/130
73/130
74/130
75/130
76/130
77/130
78/130
79/130
80/130
81/130
82/130
83/130
84/130
R BEF LINEPOS: 51/130
R AFT LINEPOS: 52/130
AFT: index: 45/78
52/130
53/130
54/130
55/130
56/130
57/130
58/130
59/130
60/130
61/130
62/130
63/130
64/130
65/130
66/130
67/130
68/130
69/130
70/130
71/130
72/130
73/130
74/130
75/130
76/130
77/130
78/130
79/130
80/130
81/130
82/130
83/130
84/130
85/130
R BEF LINEPOS: 52/130
R AFT LINEPOS: 53/130
AFT: index: 46/79
53/130
54/130
55/130
56/130
57/130
58/130
59/130
60/130
61/130
62/130
63/130
64/130
65/130
66/130
67/130
68/130
69/130
70/130
71/130
72/130
73/130
74/130
75/130
76/130
77/130
78/130
79/130
80/130
81/130
82/130
83/130
84/130
85/130
86/130
R BEF LINEPOS: 53/130
R AFT LINEPOS: 54/130
AFT: index: 47/80
54/130
55/130
56/130
57/130
58/130
59/130
60/130
61/130
62/130
63/130
64/130
65/130
66/130
67/130
68/130
69/130
70/130
71/130
72/130
73/130
74/130
75/130
76/130
77/130
78/130
79/130
80/130
81/130
82/130
83/130
84/130
85/130
86/130
87/130
R BEF LINEPOS: 54/130
R AFT LINEPOS: 55/130
AFT: index: 48/81
55/130
56/130
57/130
58/130
59/130
60/130
61/130
62/130
63/130
64/130
65/130
66/130
67/130
68/130
69/130
70/130
71/130
72/130
73/130
74/130
75/130
76/130
77/130
78/130
79/130
80/130
81/130
82/130
83/130
84/130
85/130
86/130
87/130
88/130
R BEF LINEPOS: 55/130
R AFT LINEPOS: 56/130
AFT: index: 49/82
56/130
57/130
58/130
59/130
60/130
61/130
62/130
63/130
64/130
65/130
66/130
67/130
68/130
69/130
70/130
71/130
72/130
73/130
74/130
75/130
76/130
77/130
78/130
79/130
80/130
81/130
82/130
83/130
84/130
85/130
86/130
87/130
88/130
89/130
R BEF LINEPOS: 56/130
R AFT LINEPOS: 57/130
AFT: index: 50/83
57/130
58/130
59/130
60/130
61/130
62/130
63/130
64/130
65/130
66/130
67/130
68/130
69/130
70/130
71/130
72/130
73/130
74/130
75/130
76/130
77/130
78/130
79/130
80/130
81/130
82/130
83/130
84/130
85/130
86/130
87/130
88/130
89/130
90/130
R BEF LINEPOS: 57/130
R AFT LINEPOS: 58/130
AFT: index: 51/84
58/130
59/130
60/130
61/130
62/130
63/130
64/130
65/130
66/130
67/130
68/130
69/130
70/130
71/130
72/130
73/130
74/130
75/130
76/130
77/130
78/130
79/130
80/130
81/130
82/130
83/130
84/130
85/130
86/130
87/130
88/130
89/130
90/130
91/130
R BEF LINEPOS: 58/130
R AFT LINEPOS: 59/130
AFT: index: 52/85
59/130
60/130
61/130
62/130
63/130
64/130
65/130
66/130
67/130
68/130
69/130
70/130
71/130
72/130
73/130
74/130
75/130
76/130
77/130
78/130
79/130
80/130
81/130
82/130
83/130
84/130
85/130
86/130
87/130
88/130
89/130
90/130
91/130
92/130
R BEF LINEPOS: 59/130
R AFT LINEPOS: 60/130
AFT: index: 53/86
60/130
61/130
62/130
63/130
64/130
65/130
66/130
67/130
68/130
69/130
70/130
71/130
72/130
73/130
74/130
75/130
76/130
77/130
78/130
79/130
80/130
81/130
82/130
83/130
84/130
85/130
86/130
87/130
88/130
89/130
90/130
91/130
92/130
93/130
R BEF LINEPOS: 60/130
R AFT LINEPOS: 61/130
AFT: index: 54/87
61/130
62/130
63/130
64/130
65/130
66/130
67/130
68/130
69/130
70/130
71/130
72/130
73/130
74/130
75/130
76/130
77/130
78/130
79/130
80/130
81/130
82/130
83/130
84/130
85/130
86/130
87/130
88/130
89/130
90/130
91/130
92/130
93/130
94/130
R BEF LINEPOS: 61/130
R AFT LINEPOS: 62/130
AFT: index: 55/88
62/130
63/130
64/130
65/130
66/130
67/130
68/130
69/130
70/130
71/130
72/130
73/130
74/130
75/130
76/130
77/130
78/130
79/130
80/130
81/130
82/130
83/130
84/130
85/130
86/130
87/130
88/130
89/130
90/130
91/130
92/130
93/130
94/130
95/130
R BEF LINEPOS: 62/130
R AFT LINEPOS: 63/130
AFT: index: 56/89
63/130
64/130
65/130
66/130
67/130
68/130
69/130
70/130
71/130
72/130
73/130
74/130
75/130
76/130
77/130
78/130
79/130
80/130
81/130
82/130
83/130
84/130
85/130
86/130
87/130
88/130
89/130
90/130
91/130
92/130
93/130
94/130
95/130
96/130
R BEF LINEPOS: 63/130
R AFT LINEPOS: 64/130
AFT: index: 57/90
64/130
65/130
66/130
67/130
68/130
69/130
70/130
71/130
72/130
73/130
74/130
75/130
76/130
77/130
78/130
79/130
80/130
81/130
82/130
83/130
84/130
85/130
86/130
87/130
88/130
89/130
90/130
91/130
92/130
93/130
94/130
95/130
96/130
97/130
R BEF LINEPOS: 64/130
R AFT LINEPOS: 65/130
AFT: index: 58/91
65/130
66/130
67/130
68/130
69/130
70/130
71/130
72/130
73/130
74/130
75/130
76/130
77/130
78/130
79/130
80/130
81/130
82/130
83/130
84/130
85/130
86/130
87/130
88/130
89/130
90/130
91/130
92/130
93/130
94/130
95/130
96/130
97/130
98/130
R BEF LINEPOS: 65/130
R AFT LINEPOS: 66/130
AFT: index: 59/92
66/130
67/130
68/130
69/130
70/130
71/130
72/130
73/130
74/130
75/130
76/130
77/130
78/130
79/130
80/130
81/130
82/130
83/130
84/130
85/130
86/130
87/130
88/130
89/130
90/130
91/130
92/130
93/130
94/130
95/130
96/130
97/130
98/130
99/130
R BEF LINEPOS: 66/130
R AFT LINEPOS: 67/130
AFT: index: 60/93
67/130
68/130
69/130
70/130
71/130
72/130
73/130
74/130
75/130
76/130
77/130
78/130
79/130
80/130
81/130
82/130
83/130
84/130
85/130
86/130
87/130
88/130
89/130
90/130
91/130
92/130
93/130
94/130
95/130
96/130
97/130
98/130
99/130
100/130
R BEF LINEPOS: 67/130
R AFT LINEPOS: 68/130
AFT: index: 61/94
68/130
69/130
70/130
71/130
72/130
73/130
74/130
75/130
76/130
77/130
78/130
79/130
80/130
81/130
82/130
83/130
84/130
85/130
86/130
87/130
88/130
89/130
90/130
91/130
92/130
93/130
94/130
95/130
96/130
97/130
98/130
99/130
100/130
101/130
R BEF LINEPOS: 68/130
R AFT LINEPOS: 69/130
AFT: index: 62/95
69/130
70/130
71/130
72/130
73/130
74/130
75/130
76/130
77/130
78/130
79/130
80/130
81/130
82/130
83/130
84/130
85/130
86/130
87/130
88/130
89/130
90/130
91/130
92/130
93/130
94/130
95/130
96/130
97/130
98/130
99/130
100/130
101/130
102/130
R BEF LINEPOS: 69/130
R AFT LINEPOS: 70/130
AFT: index: 63/96
70/130
71/130
72/130
73/130
74/130
75/130
76/130
77/130
78/130
79/130
80/130
81/130
82/130
83/130
84/130
85/130
86/130
87/130
88/130
89/130
90/130
91/130
92/130
93/130
94/130
95/130
96/130
97/130
98/130
99/130
100/130
101/130
102/130
103/130
R BEF LINEPOS: 70/130
R AFT LINEPOS: 71/130
AFT: index: 64/97
71/130
72/130
73/130
74/130
75/130
76/130
77/130
78/130
79/130
80/130
81/130
82/130
83/130
84/130
85/130
86/130
87/130
88/130
89/130
90/130
91/130
92/130
93/130
94/130
95/130
96/130
97/130
98/130
99/130
100/130
101/130
102/130
103/130
104/130
R BEF LINEPOS: 71/130
R AFT LINEPOS: 72/130
AFT: index: 65/98
72/130
73/130
74/130
75/130
76/130
77/130
78/130
79/130
80/130
81/130
82/130
83/130
84/130
85/130
86/130
87/130
88/130
89/130
90/130
91/130
92/130
93/130
94/130
95/130
96/130
97/130
98/130
99/130
100/130
101/130
102/130
103/130
104/130
105/130
R BEF LINEPOS: 72/130
R AFT LINEPOS: 73/130
AFT: index: 66/99
73/130
74/130
75/130
76/130
77/130
78/130
79/130
80/130
81/130
82/130
83/130
84/130
85/130
86/130
87/130
88/130
89/130
90/130
91/130
92/130
93/130
94/130
95/130
96/130
97/130
98/130
99/130
100/130
101/130
102/130
103/130
104/130
105/130
106/130
R BEF LINEPOS: 73/130
R AFT LINEPOS: 74/130
AFT: index: 67/100
74/130
75/130
76/130
77/130
78/130
79/130
80/130
81/130
82/130
83/130
84/130
85/130
86/130
87/130
88/130
89/130
90/130
91/130
92/130
93/130
94/130
95/130
96/130
97/130
98/130
99/130
100/130
101/130
102/130
103/130
104/130
105/130
106/130
107/130
R BEF LINEPOS: 74/130
R AFT LINEPOS: 75/130
AFT: index: 68/101
75/130
76/130
77/130
78/130
79/130
80/130
81/130
82/130
83/130
84/130
85/130
86/130
87/130
88/130
89/130
90/130
91/130
92/130
93/130
94/130
95/130
96/130
97/130
98/130
99/130
100/130
101/130
102/130
103/130
104/130
105/130
106/130
107/130
108/130
R BEF LINEPOS: 75/130
R AFT LINEPOS: 76/130
AFT: index: 69/102
76/130
77/130
78/130
79/130
80/130
81/130
82/130
83/130
84/130
85/130
86/130
87/130
88/130
89/130
90/130
91/130
92/130
93/130
94/130
95/130
96/130
97/130
98/130
99/130
100/130
101/130
102/130
103/130
104/130
105/130
106/130
107/130
108/130
109/130
R BEF LINEPOS: 76/130
R AFT LINEPOS: 77/130
AFT: index: 70/103
77/130
78/130
79/130
80/130
81/130
82/130
83/130
84/130
85/130
86/130
87/130
88/130
89/130
90/130
91/130
92/130
93/130
94/130
95/130
96/130
97/130
98/130
99/130
100/130
101/130
102/130
103/130
104/130
105/130
106/130
107/130
108/130
109/130
110/130
R BEF LINEPOS: 77/130
R AFT LINEPOS: 78/130
AFT: index: 71/104
78/130
79/130
80/130
81/130
82/130
83/130
84/130
85/130
86/130
87/130
88/130
89/130
90/130
91/130
92/130
93/130
94/130
95/130
96/130
97/130
98/130
99/130
100/130
101/130
102/130
103/130
104/130
105/130
106/130
107/130
108/130
109/130
110/130
111/130
R BEF LINEPOS: 78/130
R AFT LINEPOS: 79/130
AFT: index: 72/105
79/130
80/130
81/130
82/130
83/130
84/130
85/130
86/130
87/130
88/130
89/130
90/130
91/130
92/130
93/130
94/130
95/130
96/130
97/130
98/130
99/130
100/130
101/130
102/130
103/130
104/130
105/130
106/130
107/130
108/130
109/130
110/130
111/130
112/130
R BEF LINEPOS: 79/130
R AFT LINEPOS: 80/130
AFT: index: 73/106
80/130
81/130
82/130
83/130
84/130
85/130
86/130
87/130
88/130
89/130
90/130
91/130
92/130
93/130
94/130
95/130
96/130
97/130
98/130
99/130
100/130
101/130
102/130
103/130
104/130
105/130
106/130
107/130
108/130
109/130
110/130
111/130
112/130
113/130
R BEF LINEPOS: 80/130
R AFT LINEPOS: 81/130
AFT: index: 74/107
81/130
82/130
83/130
84/130
85/130
86/130
87/130
88/130
89/130
90/130
91/130
92/130
93/130
94/130
95/130
96/130
97/130
98/130
99/130
100/130
101/130
102/130
103/130
104/130
105/130
106/130
107/130
108/130
109/130
110/130
111/130
112/130
113/130
114/130
R BEF LINEPOS: 81/130
R AFT LINEPOS: 82/130
AFT: index: 75/108
82/130
83/130
84/130
85/130
86/130
87/130
88/130
89/130
90/130
91/130
92/130
93/130
94/130
95/130
96/130
97/130
98/130
99/130
100/130
101/130
102/130
103/130
104/130
105/130
106/130
107/130
108/130
109/130
110/130
111/130
112/130
113/130
114/130
115/130
R BEF LINEPOS: 82/130
R AFT LINEPOS: 83/130
AFT: index: 76/109
83/130
84/130
85/130
86/130
87/130
88/130
89/130
90/130
91/130
92/130
93/130
94/130
95/130
96/130
97/130
98/130
99/130
100/130
101/130
102/130
103/130
104/130
105/130
106/130
107/130
108/130
109/130
110/130
111/130
112/130
113/130
114/130
115/130
116/130
R BEF LINEPOS: 83/130
R AFT LINEPOS: 84/130
AFT: index: 77/110
84/130
85/130
86/130
87/130
88/130
89/130
90/130
91/130
92/130
93/130
94/130
95/130
96/130
97/130
98/130
99/130
100/130
101/130
102/130
103/130
104/130
105/130
106/130
107/130
108/130
109/130
110/130
111/130
112/130
113/130
114/130
115/130
116/130
117/130
R BEF LINEPOS: 84/130
R AFT LINEPOS: 85/130
AFT: index: 78/111
85/130
86/130
87/130
88/130
89/130
90/130
91/130
92/130
93/130
94/130
95/130
96/130
97/130
98/130
99/130
100/130
101/130
102/130
103/130
104/130
105/130
106/130
107/130
108/130
109/130
110/130
111/130
112/130
113/130
114/130
115/130
116/130
117/130
118/130
R BEF LINEPOS: 85/130
R AFT LINEPOS: 86/130
AFT: index: 79/112
86/130
87/130
88/130
89/130
90/130
91/130
92/130
93/130
94/130
95/130
96/130
97/130
98/130
99/130
100/130
101/130
102/130
103/130
104/130
105/130
106/130
107/130
108/130
109/130
110/130
111/130
112/130
113/130
114/130
115/130
116/130
117/130
118/130
119/130
R BEF LINEPOS: 86/130
R AFT LINEPOS: 87/130
AFT: index: 80/113
87/130
88/130
89/130
90/130
91/130
92/130
93/130
94/130
95/130
96/130
97/130
98/130
99/130
100/130
101/130
102/130
103/130
104/130
105/130
106/130
107/130
108/130
109/130
110/130
111/130
112/130
113/130
114/130
115/130
116/130
117/130
118/130
119/130
120/130
R BEF LINEPOS: 87/130
R AFT LINEPOS: 88/130
AFT: index: 81/114
88/130
89/130
90/130
91/130
92/130
93/130
94/130
95/130
96/130
97/130
98/130
99/130
100/130
101/130
102/130
103/130
104/130
105/130
106/130
107/130
108/130
109/130
110/130
111/130
112/130
113/130
114/130
115/130
116/130
117/130
118/130
119/130
120/130
121/130
R BEF LINEPOS: 88/130
R AFT LINEPOS: 89/130
AFT: index: 82/115
89/130
90/130
91/130
92/130
93/130
94/130
95/130
96/130
97/130
98/130
99/130
100/130
101/130
102/130
103/130
104/130
105/130
106/130
107/130
108/130
109/130
110/130
111/130
112/130
113/130
114/130
115/130
116/130
117/130
118/130
119/130
120/130
121/130
122/130
R BEF LINEPOS: 89/130
R AFT LINEPOS: 90/130
AFT: index: 83/116
90/130
91/130
92/130
93/130
94/130
95/130
96/130
97/130
98/130
99/130
100/130
101/130
102/130
103/130
104/130
105/130
106/130
107/130
108/130
109/130
110/130
111/130
112/130
113/130
114/130
115/130
116/130
117/130
118/130
119/130
120/130
121/130
122/130
123/130
R BEF LINEPOS: 90/130
R AFT LINEPOS: 91/130
AFT: index: 84/117
91/130
92/130
93/130
94/130
95/130
96/130
97/130
98/130
99/130
100/130
101/130
102/130
103/130
104/130
105/130
106/130
107/130
108/130
109/130
110/130
111/130
112/130
113/130
114/130
115/130
116/130
117/130
118/130
119/130
120/130
121/130
122/130
123/130
124/130
R BEF LINEPOS: 91/130
R AFT LINEPOS: 92/130
AFT: index: 85/118
92/130
93/130
94/130
95/130
96/130
97/130
98/130
99/130
100/130
101/130
102/130
103/130
104/130
105/130
106/130
107/130
108/130
109/130
110/130
111/130
112/130
113/130
114/130
115/130
116/130
117/130
118/130
119/130
120/130
121/130
122/130
123/130
124/130
125/130
R BEF LINEPOS: 92/130
R AFT LINEPOS: 93/130
AFT: index: 86/119
93/130
94/130
95/130
96/130
97/130
98/130
99/130
100/130
101/130
102/130
103/130
104/130
105/130
106/130
107/130
108/130
109/130
110/130
111/130
112/130
113/130
114/130
115/130
116/130
117/130
118/130
119/130
120/130
121/130
122/130
123/130
124/130
125/130
126/130
R BEF LINEPOS: 93/130
R AFT LINEPOS: 94/130
AFT: index: 87/120
94/130
95/130
96/130
97/130
98/130
99/130
100/130
101/130
102/130
103/130
104/130
105/130
106/130
107/130
108/130
109/130
110/130
111/130
112/130
113/130
114/130
115/130
116/130
117/130
118/130
119/130
120/130
121/130
122/130
123/130
124/130
125/130
126/130
127/130
R BEF LINEPOS: 94/130
R AFT LINEPOS: 95/130
AFT: index: 88/121
95/130
96/130
97/130
98/130
99/130
100/130
101/130
102/130
103/130
104/130
105/130
106/130
107/130
108/130
109/130
110/130
111/130
112/130
113/130
114/130
115/130
116/130
117/130
118/130
119/130
120/130
121/130
122/130
123/130
124/130
125/130
126/130
127/130
128/130
R BEF LINEPOS: 95/130
R AFT LINEPOS: 96/130
AFT: index: 89/122
96/130
97/130
98/130
99/130
100/130
101/130
102/130
103/130
104/130
105/130
106/130
107/130
108/130
109/130
110/130
111/130
112/130
113/130
114/130
115/130
116/130
117/130
118/130
119/130
120/130
121/130
122/130
123/130
124/130
125/130
126/130
127/130
128/130
129/130
R BEF LINEPOS: 96/130
R AFT LINEPOS: 97/130
AFT: index: 90/123
97/130
98/130
99/130
100/130
101/130
102/130
103/130
104/130
105/130
106/130
107/130
108/130
109/130
110/130
111/130
112/130
113/130
114/130
115/130
116/130
117/130
118/130
119/130
120/130
121/130
122/130
123/130
124/130
125/130
126/130
127/130
128/130
129/130
130/130
R BEF LINEPOS: 97/130
R AFT LINEPOS: 98/130
AFT: index: 91/124
98/130
99/130
100/130
101/130
102/130
103/130
104/130
105/130
106/130
107/130
108/130
109/130
110/130
111/130
112/130
113/130
114/130
115/130
116/130
117/130
118/130
119/130
120/130
121/130
122/130
123/130
124/130
125/130
126/130
127/130
128/130
129/130
130/130
1/130
R BEF LINEPOS: 98/130
R AFT LINEPOS: 99/130
AFT: index: 92/125
99/130
100/130
101/130
102/130
103/130
104/130
105/130
106/130
107/130
108/130
109/130
110/130
111/130
112/130
113/130
114/130
115/130
116/130
117/130
118/130
119/130
120/130
121/130
122/130
123/130
124/130
125/130
126/130
127/130
128/130
129/130
130/130
1/130
2/130
R BEF LINEPOS: 99/130
R AFT LINEPOS: 100/130
AFT: index: 93/126
100/130
101/130
102/130
103/130
104/130
105/130
106/130
107/130
108/130
109/130
110/130
111/130
112/130
113/130
114/130
115/130
116/130
117/130
118/130
119/130
120/130
121/130
122/130
123/130
124/130
125/130
126/130
127/130
128/130
129/130
130/130
1/130
2/130
3/130
R BEF LINEPOS: 100/130
R AFT LINEPOS: 101/130
AFT: index: 94/127
101/130
102/130
103/130
104/130
105/130
106/130
107/130
108/130
109/130
110/130
111/130
112/130
113/130
114/130
115/130
116/130
117/130
118/130
119/130
120/130
121/130
122/130
123/130
124/130
125/130
126/130
127/130
128/130
129/130
130/130
1/130
2/130
3/130
4/130
R BEF LINEPOS: 101/130
R AFT LINEPOS: 102/130
AFT: index: 95/128
102/130
103/130
104/130
105/130
106/130
107/130
108/130
109/130
110/130
111/130
112/130
113/130
114/130
115/130
116/130
117/130
118/130
119/130
120/130
121/130
122/130
123/130
124/130
125/130
126/130
127/130
128/130
129/130
130/130
1/130
2/130
3/130
4/130
5/130
R BEF LINEPOS: 102/130
R AFT LINEPOS: 103/130
AFT: index: 96/129
103/130
104/130
105/130
106/130
107/130
108/130
109/130
110/130
111/130
112/130
113/130
114/130
115/130
116/130
117/130
118/130
119/130
120/130
121/130
122/130
123/130
124/130
125/130
126/130
127/130
128/130
129/130
130/130
1/130
2/130
3/130
4/130
5/130
6/130
R BEF LINEPOS: 103/130
R AFT LINEPOS: 104/130
AFT: index: 97/130
104/130
105/130
106/130
107/130
108/130
109/130
110/130
111/130
112/130
113/130
114/130
115/130
116/130
117/130
118/130
119/130
120/130
121/130
122/130
123/130
124/130
125/130
126/130
127/130
128/130
129/130
130/130
1/130
2/130
3/130
4/130
5/130
6/130
7/130
R BEF LINEPOS: 104/130
R AFT LINEPOS: 105/130
AFT: index: 98/131
105/130
106/130
107/130
108/130
109/130
110/130
111/130
112/130
113/130
114/130
115/130
116/130
117/130
118/130
119/130
120/130
121/130
122/130
123/130
124/130
125/130
126/130
127/130
128/130
129/130
130/130
1/130
2/130
3/130
4/130
5/130
6/130
7/130
8/130
R BEF LINEPOS: 105/130
R AFT LINEPOS: 106/130
AFT: index: 99/132
106/130
107/130
108/130
109/130
110/130
111/130
112/130
113/130
114/130
115/130
116/130
117/130
118/130
119/130
120/130
121/130
122/130
123/130
124/130
125/130
126/130
127/130
128/130
129/130
130/130
1/130
2/130
3/130
4/130
5/130
6/130
7/130
8/130
9/130
R BEF LINEPOS: 106/130
R AFT LINEPOS: 107/130
AFT: index: 100/133
107/130
108/130
109/130
110/130
111/130
112/130
113/130
114/130
115/130
116/130
117/130
118/130
119/130
120/130
121/130
122/130
123/130
124/130
125/130
126/130
127/130
128/130
129/130
130/130
1/130
2/130
3/130
4/130
5/130
6/130
7/130
8/130
9/130
10/130
R BEF LINEPOS: 107/130
R AFT LINEPOS: 108/130
AFT: index: 101/134
108/130
109/130
110/130
111/130
112/130
113/130
114/130
115/130
116/130
117/130
118/130
119/130
120/130
121/130
122/130
123/130
124/130
125/130
126/130
127/130
128/130
129/130
130/130
1/130
2/130
3/130
4/130
5/130
6/130
7/130
8/130
9/130
10/130
11/130
R BEF LINEPOS: 108/130
R AFT LINEPOS: 109/130
AFT: index: 102/135
109/130
110/130
111/130
112/130
113/130
114/130
115/130
116/130
117/130
118/130
119/130
120/130
121/130
122/130
123/130
124/130
125/130
126/130
127/130
128/130
129/130
130/130
1/130
2/130
3/130
4/130
5/130
6/130
7/130
8/130
9/130
10/130
11/130
12/130
R BEF LINEPOS: 109/130
R AFT LINEPOS: 110/130
AFT: index: 103/136
110/130
111/130
112/130
113/130
114/130
115/130
116/130
117/130
118/130
119/130
120/130
121/130
122/130
123/130
124/130
125/130
126/130
127/130
128/130
129/130
130/130
1/130
2/130
3/130
4/130
5/130
6/130
7/130
8/130
9/130
10/130
11/130
12/130
13/130
R BEF LINEPOS: 110/130
R AFT LINEPOS: 111/130
AFT: index: 104/137
111/130
112/130
113/130
114/130
115/130
116/130
117/130
118/130
119/130
120/130
121/130
122/130
123/130
124/130
125/130
126/130
127/130
128/130
129/130
130/130
1/130
2/130
3/130
4/130
5/130
6/130
7/130
8/130
9/130
10/130
11/130
12/130
13/130
14/130
R BEF LINEPOS: 111/130
R AFT LINEPOS: 112/130
AFT: index: 105/138
112/130
113/130
114/130
115/130
116/130
117/130
118/130
119/130
120/130
121/130
122/130
123/130
124/130
125/130
126/130
127/130
128/130
129/130
130/130
1/130
2/130
3/130
4/130
5/130
6/130
7/130
8/130
9/130
10/130
11/130
12/130
13/130
14/130
15/130
R BEF LINEPOS: 112/130
R AFT LINEPOS: 113/130
AFT: index: 106/139
113/130
114/130
115/130
116/130
117/130
118/130
119/130
120/130
121/130
122/130
123/130
124/130
125/130
126/130
127/130
128/130
129/130
130/130
1/130
2/130
3/130
4/130
5/130
6/130
7/130
8/130
9/130
10/130
11/130
12/130
13/130
14/130
15/130
16/130
R BEF LINEPOS: 113/130
R AFT LINEPOS: 114/130
AFT: index: 107/140
114/130
115/130
116/130
117/130
118/130
119/130
120/130
121/130
122/130
123/130
124/130
125/130
126/130
127/130
128/130
129/130
130/130
1/130
2/130
3/130
4/130
5/130
6/130
7/130
8/130
9/130
10/130
11/130
12/130
13/130
14/130
15/130
16/130
17/130
R BEF LINEPOS: 114/130
R AFT LINEPOS: 115/130
AFT: index: 108/141
115/130
116/130
117/130
118/130
119/130
120/130
121/130
122/130
123/130
124/130
125/130
126/130
127/130
128/130
129/130
130/130
1/130
2/130
3/130
4/130
5/130
6/130
7/130
8/130
9/130
10/130
11/130
12/130
13/130
14/130
15/130
16/130
17/130
18/130
R BEF LINEPOS: 115/130
R AFT LINEPOS: 116/130
AFT: index: 109/142
116/130
117/130
118/130
119/130
120/130
121/130
122/130
123/130
124/130
125/130
126/130
127/130
128/130
129/130
130/130
1/130
2/130
3/130
4/130
5/130
6/130
7/130
8/130
9/130
10/130
11/130
12/130
13/130
14/130
15/130
16/130
17/130
18/130
19/130
R BEF LINEPOS: 116/130
R AFT LINEPOS: 117/130
AFT: index: 110/143
117/130
118/130
119/130
120/130
121/130
122/130
123/130
124/130
125/130
126/130
127/130
128/130
129/130
130/130
1/130
2/130
3/130
4/130
5/130
6/130
7/130
8/130
9/130
10/130
11/130
12/130
13/130
14/130
15/130
16/130
17/130
18/130
19/130
20/130
R BEF LINEPOS: 117/130
R AFT LINEPOS: 118/130
AFT: index: 111/144
118/130
119/130
120/130
121/130
122/130
123/130
124/130
125/130
126/130
127/130
128/130
129/130
130/130
1/130
2/130
3/130
4/130
5/130
6/130
7/130
8/130
9/130
10/130
11/130
12/130
13/130
14/130
15/130
16/130
17/130
18/130
19/130
20/130
21/130
R BEF LINEPOS: 118/130
R AFT LINEPOS: 119/130
AFT: index: 112/145
119/130
120/130
121/130
122/130
123/130
124/130
125/130
126/130
127/130
128/130
129/130
130/130
1/130
2/130
3/130
4/130
5/130
6/130
7/130
8/130
9/130
10/130
11/130
12/130
13/130
14/130
15/130
16/130
17/130
18/130
19/130
20/130
21/130
22/130
R BEF LINEPOS: 119/130
R AFT LINEPOS: 120/130
AFT: index: 113/146
120/130
121/130
122/130
123/130
124/130
125/130
126/130
127/130
128/130
129/130
130/130
1/130
2/130
3/130
4/130
5/130
6/130
7/130
8/130
9/130
10/130
11/130
12/130
13/130
14/130
15/130
16/130
17/130
18/130
19/130
20/130
21/130
22/130
23/130
R BEF LINEPOS: 120/130
R AFT LINEPOS: 121/130
AFT: index: 114/147
121/130
122/130
123/130
124/130
125/130
126/130
127/130
128/130
129/130
130/130
1/130
2/130
3/130
4/130
5/130
6/130
7/130
8/130
9/130
10/130
11/130
12/130
13/130
14/130
15/130
16/130
17/130
18/130
19/130
20/130
21/130
22/130
23/130
24/130
R BEF LINEPOS: 121/130
R AFT LINEPOS: 122/130
AFT: index: 115/148
122/130
123/130
124/130
125/130
126/130
127/130
128/130
129/130
130/130
1/130
2/130
3/130
4/130
5/130
6/130
7/130
8/130
9/130
10/130
11/130
12/130
13/130
14/130
15/130
16/130
17/130
18/130
19/130
20/130
21/130
22/130
23/130
24/130
25/130
R BEF LINEPOS: 122/130
R AFT LINEPOS: 123/130
AFT: index: 116/149
vsh: ffffffffffffffffffffffffffffffffffffffffffffffffffffffffffffffffffffffffffffffffffffffffffffffffffffffffffffffffffff2: Command not found.
