R BEF LINEPOS: 7/12
R AFT LINEPOS: 8/12
AFT: index: >1<
R BEF LINEPOS: 8/12
R AFT LINEPOS: 9/12
AFT: index: >2<
R BEF LINEPOS: 9/12
R AFT LINEPOS: 10/12
AFT: index: >3<
R BEF LINEPOS: 10/12
R AFT LINEPOS: 11/12
AFT: index: >4<
R BEF LINEPOS: 11/12
R AFT LINEPOS: 12/12
AFT: index: >5<
R BEF LINEPOS: 7/12
R AFT LINEPOS: 8/12
AFT: index: >1<
R BEF LINEPOS: 8/12
R AFT LINEPOS: 9/12
AFT: index: >2<
R BEF LINEPOS: 9/12
R AFT LINEPOS: 10/12
AFT: index: >3<
R BEF LINEPOS: 10/12
R AFT LINEPOS: 11/12
AFT: index: >4<
R BEF LINEPOS: 11/12
R AFT LINEPOS: 12/12
AFT: index: >5<
R BEF LINEPOS: 12/12
R AFT LINEPOS: 1/12
AFT: index: >6<
R BEF LINEPOS: 1/12
R AFT LINEPOS: 2/12
AFT: index: >7<
R BEF LINEPOS: 2/12
R AFT LINEPOS: 3/12
AFT: index: >8<
R BEF LINEPOS: 3/12
R AFT LINEPOS: 4/12
AFT: index: >9<
R BEF LINEPOS: 4/12
R AFT LINEPOS: 5/12
AFT: index: >10<
R BEF LINEPOS: 5/12
R AFT LINEPOS: 6/12
AFT: index: >11<
R BEF LINEPOS: -1/12
R AFT LINEPOS: 6/12
AFT: index: >12<
>[2;7R< TERMCAP NOT FOUND
AFT: index: >12<
R BEF LINEPOS: 7/12
R AFT LINEPOS: 8/12
AFT: index: >13<
R BEF LINEPOS: 8/12
R AFT LINEPOS: 9/12
AFT: index: >14<
R BEF LINEPOS: 9/12
R AFT LINEPOS: 10/12
AFT: index: >15<
vsh: fsaggsdfgsdfsdf: Command not found.
R BEF LINEPOS: 7/12
R AFT LINEPOS: 8/12
AFT: index: >1<
R BEF LINEPOS: 8/12
R AFT LINEPOS: 9/12
AFT: index: >2<
R BEF LINEPOS: 9/12
R AFT LINEPOS: 10/12
AFT: index: >3<
R BEF LINEPOS: 10/12
R AFT LINEPOS: 11/12
AFT: index: >4<
